<?xml version="1.0" encoding="UTF-8"?>
<!-- Generated by org.testng.reporters.JUnitReportReporter -->
<testsuite hostname="INLJ6K53Z2" failures="0" tests="1" name="test1" time="83.662" errors="0" timestamp="2022-11-07T00:36:56 IST" skipped="0">
  <testcase classname="test1" name="test" time="83.662"/>
  <system-out/>
</testsuite> <!-- test1 -->
